18:39:20 **** Build of configuration Debug for project week12 ****
make all 
'Building file: ../Libraries/STM32F10x_StdPeriph_Driver_v3.5/src/misc.c'
'Invoking: ARM C Compiler 5'
armcc -I"C:\Users\Team03\Desktop\1121\week12\Libraries\CMSIS\CoreSupport" -I"C:\Users\Team03\Desktop\1121\week12" -I"C:\Users\Team03\Desktop\1121\week12\Libraries\CMSIS\DeviceSupport" -I"C:\Users\Team03\Desktop\1121\week12\Libraries\CMSIS\DeviceSupport\Startup" -I"C:\Users\Team03\Desktop\1121\week12\Libraries\STM32F10x_StdPeriph_Driver_v3.5\inc" -I"C:\Users\Team03\Desktop\1121\week12\Libraries\STM32F10x_StdPeriph_Driver_v3.5\src" -O2 --cpu=cortex-m3 -g -c -o "Libraries/STM32F10x_StdPeriph_Driver_v3.5/src/misc.o" "../Libraries/STM32F10x_StdPeriph_Driver_v3.5/src/misc.c"
'Finished building: ../Libraries/STM32F10x_StdPeriph_Driver_v3.5/src/misc.c'
' '
'Building file: ../Libraries/STM32F10x_StdPeriph_Driver_v3.5/src/stm32f10x_adc.c'
'Invoking: ARM C Compiler 5'
armcc -I"C:\Users\Team03\Desktop\1121\week12\Libraries\CMSIS\CoreSupport" -I"C:\Users\Team03\Desktop\1121\week12" -I"C:\Users\Team03\Desktop\1121\week12\Libraries\CMSIS\DeviceSupport" -I"C:\Users\Team03\Desktop\1121\week12\Libraries\CMSIS\DeviceSupport\Startup" -I"C:\Users\Team03\Desktop\1121\week12\Libraries\STM32F10x_StdPeriph_Driver_v3.5\inc" -I"C:\Users\Team03\Desktop\1121\week12\Libraries\STM32F10x_StdPeriph_Driver_v3.5\src" -O2 --cpu=cortex-m3 -g -c -o "Libraries/STM32F10x_StdPeriph_Driver_v3.5/src/stm32f10x_adc.o" "../Libraries/STM32F10x_StdPeriph_Driver_v3.5/src/stm32f10x_adc.c"
'Finished building: ../Libraries/STM32F10x_StdPeriph_Driver_v3.5/src/stm32f10x_adc.c'
' '
'Building file: ../Libraries/STM32F10x_StdPeriph_Driver_v3.5/src/stm32f10x_bkp.c'
'Invoking: ARM C Compiler 5'
armcc -I"C:\Users\Team03\Desktop\1121\week12\Libraries\CMSIS\CoreSupport" -I"C:\Users\Team03\Desktop\1121\week12" -I"C:\Users\Team03\Desktop\1121\week12\Libraries\CMSIS\DeviceSupport" -I"C:\Users\Team03\Desktop\1121\week12\Libraries\CMSIS\DeviceSupport\Startup" -I"C:\Users\Team03\Desktop\1121\week12\Libraries\STM32F10x_StdPeriph_Driver_v3.5\inc" -I"C:\Users\Team03\Desktop\1121\week12\Libraries\STM32F10x_StdPeriph_Driver_v3.5\src" -O2 --cpu=cortex-m3 -g -c -o "Libraries/STM32F10x_StdPeriph_Driver_v3.5/src/stm32f10x_bkp.o" "../Libraries/STM32F10x_StdPeriph_Driver_v3.5/src/stm32f10x_bkp.c"
'Finished building: ../Libraries/STM32F10x_StdPeriph_Driver_v3.5/src/stm32f10x_bkp.c'
' '
'Building file: ../Libraries/STM32F10x_StdPeriph_Driver_v3.5/src/stm32f10x_can.c'
'Invoking: ARM C Compiler 5'
armcc -I"C:\Users\Team03\Desktop\1121\week12\Libraries\CMSIS\CoreSupport" -I"C:\Users\Team03\Desktop\1121\week12" -I"C:\Users\Team03\Desktop\1121\week12\Libraries\CMSIS\DeviceSupport" -I"C:\Users\Team03\Desktop\1121\week12\Libraries\CMSIS\DeviceSupport\Startup" -I"C:\Users\Team03\Desktop\1121\week12\Libraries\STM32F10x_StdPeriph_Driver_v3.5\inc" -I"C:\Users\Team03\Desktop\1121\week12\Libraries\STM32F10x_StdPeriph_Driver_v3.5\src" -O2 --cpu=cortex-m3 -g -c -o "Libraries/STM32F10x_StdPeriph_Driver_v3.5/src/stm32f10x_can.o" "../Libraries/STM32F10x_StdPeriph_Driver_v3.5/src/stm32f10x_can.c"
'Finished building: ../Libraries/STM32F10x_StdPeriph_Driver_v3.5/src/stm32f10x_can.c'
' '
'Building file: ../Libraries/STM32F10x_StdPeriph_Driver_v3.5/src/stm32f10x_cec.c'
'Invoking: ARM C Compiler 5'
armcc -I"C:\Users\Team03\Desktop\1121\week12\Libraries\CMSIS\CoreSupport" -I"C:\Users\Team03\Desktop\1121\week12" -I"C:\Users\Team03\Desktop\1121\week12\Libraries\CMSIS\DeviceSupport" -I"C:\Users\Team03\Desktop\1121\week12\Libraries\CMSIS\DeviceSupport\Startup" -I"C:\Users\Team03\Desktop\1121\week12\Libraries\STM32F10x_StdPeriph_Driver_v3.5\inc" -I"C:\Users\Team03\Desktop\1121\week12\Libraries\STM32F10x_StdPeriph_Driver_v3.5\src" -O2 --cpu=cortex-m3 -g -c -o "Libraries/STM32F10x_StdPeriph_Driver_v3.5/src/stm32f10x_cec.o" "../Libraries/STM32F10x_StdPeriph_Driver_v3.5/src/stm32f10x_cec.c"
'Finished building: ../Libraries/STM32F10x_StdPeriph_Driver_v3.5/src/stm32f10x_cec.c'
' '
'Building file: ../Libraries/STM32F10x_StdPeriph_Driver_v3.5/src/stm32f10x_crc.c'
'Invoking: ARM C Compiler 5'
armcc -I"C:\Users\Team03\Desktop\1121\week12\Libraries\CMSIS\CoreSupport" -I"C:\Users\Team03\Desktop\1121\week12" -I"C:\Users\Team03\Desktop\1121\week12\Libraries\CMSIS\DeviceSupport" -I"C:\Users\Team03\Desktop\1121\week12\Libraries\CMSIS\DeviceSupport\Startup" -I"C:\Users\Team03\Desktop\1121\week12\Libraries\STM32F10x_StdPeriph_Driver_v3.5\inc" -I"C:\Users\Team03\Desktop\1121\week12\Libraries\STM32F10x_StdPeriph_Driver_v3.5\src" -O2 --cpu=cortex-m3 -g -c -o "Libraries/STM32F10x_StdPeriph_Driver_v3.5/src/stm32f10x_crc.o" "../Libraries/STM32F10x_StdPeriph_Driver_v3.5/src/stm32f10x_crc.c"
'Finished building: ../Libraries/STM32F10x_StdPeriph_Driver_v3.5/src/stm32f10x_crc.c'
' '
'Building file: ../Libraries/STM32F10x_StdPeriph_Driver_v3.5/src/stm32f10x_dac.c'
'Invoking: ARM C Compiler 5'
armcc -I"C:\Users\Team03\Desktop\1121\week12\Libraries\CMSIS\CoreSupport" -I"C:\Users\Team03\Desktop\1121\week12" -I"C:\Users\Team03\Desktop\1121\week12\Libraries\CMSIS\DeviceSupport" -I"C:\Users\Team03\Desktop\1121\week12\Libraries\CMSIS\DeviceSupport\Startup" -I"C:\Users\Team03\Desktop\1121\week12\Libraries\STM32F10x_StdPeriph_Driver_v3.5\inc" -I"C:\Users\Team03\Desktop\1121\week12\Libraries\STM32F10x_StdPeriph_Driver_v3.5\src" -O2 --cpu=cortex-m3 -g -c -o "Libraries/STM32F10x_StdPeriph_Driver_v3.5/src/stm32f10x_dac.o" "../Libraries/STM32F10x_StdPeriph_Driver_v3.5/src/stm32f10x_dac.c"
'Finished building: ../Libraries/STM32F10x_StdPeriph_Driver_v3.5/src/stm32f10x_dac.c'
' '
'Building file: ../Libraries/STM32F10x_StdPeriph_Driver_v3.5/src/stm32f10x_dbgmcu.c'
'Invoking: ARM C Compiler 5'
armcc -I"C:\Users\Team03\Desktop\1121\week12\Libraries\CMSIS\CoreSupport" -I"C:\Users\Team03\Desktop\1121\week12" -I"C:\Users\Team03\Desktop\1121\week12\Libraries\CMSIS\DeviceSupport" -I"C:\Users\Team03\Desktop\1121\week12\Libraries\CMSIS\DeviceSupport\Startup" -I"C:\Users\Team03\Desktop\1121\week12\Libraries\STM32F10x_StdPeriph_Driver_v3.5\inc" -I"C:\Users\Team03\Desktop\1121\week12\Libraries\STM32F10x_StdPeriph_Driver_v3.5\src" -O2 --cpu=cortex-m3 -g -c -o "Libraries/STM32F10x_StdPeriph_Driver_v3.5/src/stm32f10x_dbgmcu.o" "../Libraries/STM32F10x_StdPeriph_Driver_v3.5/src/stm32f10x_dbgmcu.c"
'Finished building: ../Libraries/STM32F10x_StdPeriph_Driver_v3.5/src/stm32f10x_dbgmcu.c'
' '
'Building file: ../Libraries/STM32F10x_StdPeriph_Driver_v3.5/src/stm32f10x_dma.c'
'Invoking: ARM C Compiler 5'
armcc -I"C:\Users\Team03\Desktop\1121\week12\Libraries\CMSIS\CoreSupport" -I"C:\Users\Team03\Desktop\1121\week12" -I"C:\Users\Team03\Desktop\1121\week12\Libraries\CMSIS\DeviceSupport" -I"C:\Users\Team03\Desktop\1121\week12\Libraries\CMSIS\DeviceSupport\Startup" -I"C:\Users\Team03\Desktop\1121\week12\Libraries\STM32F10x_StdPeriph_Driver_v3.5\inc" -I"C:\Users\Team03\Desktop\1121\week12\Libraries\STM32F10x_StdPeriph_Driver_v3.5\src" -O2 --cpu=cortex-m3 -g -c -o "Libraries/STM32F10x_StdPeriph_Driver_v3.5/src/stm32f10x_dma.o" "../Libraries/STM32F10x_StdPeriph_Driver_v3.5/src/stm32f10x_dma.c"
'Finished building: ../Libraries/STM32F10x_StdPeriph_Driver_v3.5/src/stm32f10x_dma.c'
' '
'Building file: ../Libraries/STM32F10x_StdPeriph_Driver_v3.5/src/stm32f10x_exti.c'
'Invoking: ARM C Compiler 5'
armcc -I"C:\Users\Team03\Desktop\1121\week12\Libraries\CMSIS\CoreSupport" -I"C:\Users\Team03\Desktop\1121\week12" -I"C:\Users\Team03\Desktop\1121\week12\Libraries\CMSIS\DeviceSupport" -I"C:\Users\Team03\Desktop\1121\week12\Libraries\CMSIS\DeviceSupport\Startup" -I"C:\Users\Team03\Desktop\1121\week12\Libraries\STM32F10x_StdPeriph_Driver_v3.5\inc" -I"C:\Users\Team03\Desktop\1121\week12\Libraries\STM32F10x_StdPeriph_Driver_v3.5\src" -O2 --cpu=cortex-m3 -g -c -o "Libraries/STM32F10x_StdPeriph_Driver_v3.5/src/stm32f10x_exti.o" "../Libraries/STM32F10x_StdPeriph_Driver_v3.5/src/stm32f10x_exti.c"
'Finished building: ../Libraries/STM32F10x_StdPeriph_Driver_v3.5/src/stm32f10x_exti.c'
' '
'Building file: ../Libraries/STM32F10x_StdPeriph_Driver_v3.5/src/stm32f10x_flash.c'
'Invoking: ARM C Compiler 5'
armcc -I"C:\Users\Team03\Desktop\1121\week12\Libraries\CMSIS\CoreSupport" -I"C:\Users\Team03\Desktop\1121\week12" -I"C:\Users\Team03\Desktop\1121\week12\Libraries\CMSIS\DeviceSupport" -I"C:\Users\Team03\Desktop\1121\week12\Libraries\CMSIS\DeviceSupport\Startup" -I"C:\Users\Team03\Desktop\1121\week12\Libraries\STM32F10x_StdPeriph_Driver_v3.5\inc" -I"C:\Users\Team03\Desktop\1121\week12\Libraries\STM32F10x_StdPeriph_Driver_v3.5\src" -O2 --cpu=cortex-m3 -g -c -o "Libraries/STM32F10x_StdPeriph_Driver_v3.5/src/stm32f10x_flash.o" "../Libraries/STM32F10x_StdPeriph_Driver_v3.5/src/stm32f10x_flash.c"
Command canceled
18:43:15 **** Build of configuration Debug for project week12 ****
make all 
'Building file: ../Libraries/STM32F10x_StdPeriph_Driver_v3.5/src/stm32f10x_flash.c'
'Invoking: ARM C Compiler 5'
armcc -I"C:\Users\Team03\Desktop\1121\week12\Libraries\CMSIS\CoreSupport" -I"C:\Users\Team03\Desktop\1121\week12" -I"C:\Users\Team03\Desktop\1121\week12\Libraries\CMSIS\DeviceSupport" -I"C:\Users\Team03\Desktop\1121\week12\Libraries\CMSIS\DeviceSupport\Startup" -I"C:\Users\Team03\Desktop\1121\week12\Libraries\STM32F10x_StdPeriph_Driver_v3.5\inc" -I"C:\Users\Team03\Desktop\1121\week12\Libraries\STM32F10x_StdPeriph_Driver_v3.5\src" -O2 --cpu=cortex-m3 -g -c -o "Libraries/STM32F10x_StdPeriph_Driver_v3.5/src/stm32f10x_flash.o" "../Libraries/STM32F10x_StdPeriph_Driver_v3.5/src/stm32f10x_flash.c"
'Finished building: ../Libraries/STM32F10x_StdPeriph_Driver_v3.5/src/stm32f10x_flash.c'
' '
'Building file: ../Libraries/STM32F10x_StdPeriph_Driver_v3.5/src/stm32f10x_fsmc.c'
'Invoking: ARM C Compiler 5'
armcc -I"C:\Users\Team03\Desktop\1121\week12\Libraries\CMSIS\CoreSupport" -I"C:\Users\Team03\Desktop\1121\week12" -I"C:\Users\Team03\Desktop\1121\week12\Libraries\CMSIS\DeviceSupport" -I"C:\Users\Team03\Desktop\1121\week12\Libraries\CMSIS\DeviceSupport\Startup" -I"C:\Users\Team03\Desktop\1121\week12\Libraries\STM32F10x_StdPeriph_Driver_v3.5\inc" -I"C:\Users\Team03\Desktop\1121\week12\Libraries\STM32F10x_StdPeriph_Driver_v3.5\src" -O2 --cpu=cortex-m3 -g -c -o "Libraries/STM32F10x_StdPeriph_Driver_v3.5/src/stm32f10x_fsmc.o" "../Libraries/STM32F10x_StdPeriph_Driver_v3.5/src/stm32f10x_fsmc.c"
'Finished building: ../Libraries/STM32F10x_StdPeriph_Driver_v3.5/src/stm32f10x_fsmc.c'
' '
'Building file: ../Libraries/STM32F10x_StdPeriph_Driver_v3.5/src/stm32f10x_gpio.c'
'Invoking: ARM C Compiler 5'
armcc -I"C:\Users\Team03\Desktop\1121\week12\Libraries\CMSIS\CoreSupport" -I"C:\Users\Team03\Desktop\1121\week12" -I"C:\Users\Team03\Desktop\1121\week12\Libraries\CMSIS\DeviceSupport" -I"C:\Users\Team03\Desktop\1121\week12\Libraries\CMSIS\DeviceSupport\Startup" -I"C:\Users\Team03\Desktop\1121\week12\Libraries\STM32F10x_StdPeriph_Driver_v3.5\inc" -I"C:\Users\Team03\Desktop\1121\week12\Libraries\STM32F10x_StdPeriph_Driver_v3.5\src" -O2 --cpu=cortex-m3 -g -c -o "Libraries/STM32F10x_StdPeriph_Driver_v3.5/src/stm32f10x_gpio.o" "../Libraries/STM32F10x_StdPeriph_Driver_v3.5/src/stm32f10x_gpio.c"
'Finished building: ../Libraries/STM32F10x_StdPeriph_Driver_v3.5/src/stm32f10x_gpio.c'
' '
'Building file: ../Libraries/STM32F10x_StdPeriph_Driver_v3.5/src/stm32f10x_i2c.c'
'Invoking: ARM C Compiler 5'
armcc -I"C:\Users\Team03\Desktop\1121\week12\Libraries\CMSIS\CoreSupport" -I"C:\Users\Team03\Desktop\1121\week12" -I"C:\Users\Team03\Desktop\1121\week12\Libraries\CMSIS\DeviceSupport" -I"C:\Users\Team03\Desktop\1121\week12\Libraries\CMSIS\DeviceSupport\Startup" -I"C:\Users\Team03\Desktop\1121\week12\Libraries\STM32F10x_StdPeriph_Driver_v3.5\inc" -I"C:\Users\Team03\Desktop\1121\week12\Libraries\STM32F10x_StdPeriph_Driver_v3.5\src" -O2 --cpu=cortex-m3 -g -c -o "Libraries/STM32F10x_StdPeriph_Driver_v3.5/src/stm32f10x_i2c.o" "../Libraries/STM32F10x_StdPeriph_Driver_v3.5/src/stm32f10x_i2c.c"
'Finished building: ../Libraries/STM32F10x_StdPeriph_Driver_v3.5/src/stm32f10x_i2c.c'
' '
'Building file: ../Libraries/STM32F10x_StdPeriph_Driver_v3.5/src/stm32f10x_iwdg.c'
'Invoking: ARM C Compiler 5'
armcc -I"C:\Users\Team03\Desktop\1121\week12\Libraries\CMSIS\CoreSupport" -I"C:\Users\Team03\Desktop\1121\week12" -I"C:\Users\Team03\Desktop\1121\week12\Libraries\CMSIS\DeviceSupport" -I"C:\Users\Team03\Desktop\1121\week12\Libraries\CMSIS\DeviceSupport\Startup" -I"C:\Users\Team03\Desktop\1121\week12\Libraries\STM32F10x_StdPeriph_Driver_v3.5\inc" -I"C:\Users\Team03\Desktop\1121\week12\Libraries\STM32F10x_StdPeriph_Driver_v3.5\src" -O2 --cpu=cortex-m3 -g -c -o "Libraries/STM32F10x_StdPeriph_Driver_v3.5/src/stm32f10x_iwdg.o" "../Libraries/STM32F10x_StdPeriph_Driver_v3.5/src/stm32f10x_iwdg.c"
'Finished building: ../Libraries/STM32F10x_StdPeriph_Driver_v3.5/src/stm32f10x_iwdg.c'
' '
'Building file: ../Libraries/STM32F10x_StdPeriph_Driver_v3.5/src/stm32f10x_pwr.c'
'Invoking: ARM C Compiler 5'
armcc -I"C:\Users\Team03\Desktop\1121\week12\Libraries\CMSIS\CoreSupport" -I"C:\Users\Team03\Desktop\1121\week12" -I"C:\Users\Team03\Desktop\1121\week12\Libraries\CMSIS\DeviceSupport" -I"C:\Users\Team03\Desktop\1121\week12\Libraries\CMSIS\DeviceSupport\Startup" -I"C:\Users\Team03\Desktop\1121\week12\Libraries\STM32F10x_StdPeriph_Driver_v3.5\inc" -I"C:\Users\Team03\Desktop\1121\week12\Libraries\STM32F10x_StdPeriph_Driver_v3.5\src" -O2 --cpu=cortex-m3 -g -c -o "Libraries/STM32F10x_StdPeriph_Driver_v3.5/src/stm32f10x_pwr.o" "../Libraries/STM32F10x_StdPeriph_Driver_v3.5/src/stm32f10x_pwr.c"
'Finished building: ../Libraries/STM32F10x_StdPeriph_Driver_v3.5/src/stm32f10x_pwr.c'
' '
'Building file: ../Libraries/STM32F10x_StdPeriph_Driver_v3.5/src/stm32f10x_rcc.c'
'Invoking: ARM C Compiler 5'
armcc -I"C:\Users\Team03\Desktop\1121\week12\Libraries\CMSIS\CoreSupport" -I"C:\Users\Team03\Desktop\1121\week12" -I"C:\Users\Team03\Desktop\1121\week12\Libraries\CMSIS\DeviceSupport" -I"C:\Users\Team03\Desktop\1121\week12\Libraries\CMSIS\DeviceSupport\Startup" -I"C:\Users\Team03\Desktop\1121\week12\Libraries\STM32F10x_StdPeriph_Driver_v3.5\inc" -I"C:\Users\Team03\Desktop\1121\week12\Libraries\STM32F10x_StdPeriph_Driver_v3.5\src" -O2 --cpu=cortex-m3 -g -c -o "Libraries/STM32F10x_StdPeriph_Driver_v3.5/src/stm32f10x_rcc.o" "../Libraries/STM32F10x_StdPeriph_Driver_v3.5/src/stm32f10x_rcc.c"
'Finished building: ../Libraries/STM32F10x_StdPeriph_Driver_v3.5/src/stm32f10x_rcc.c'
' '
'Building file: ../Libraries/STM32F10x_StdPeriph_Driver_v3.5/src/stm32f10x_rtc.c'
'Invoking: ARM C Compiler 5'
armcc -I"C:\Users\Team03\Desktop\1121\week12\Libraries\CMSIS\CoreSupport" -I"C:\Users\Team03\Desktop\1121\week12" -I"C:\Users\Team03\Desktop\1121\week12\Libraries\CMSIS\DeviceSupport" -I"C:\Users\Team03\Desktop\1121\week12\Libraries\CMSIS\DeviceSupport\Startup" -I"C:\Users\Team03\Desktop\1121\week12\Libraries\STM32F10x_StdPeriph_Driver_v3.5\inc" -I"C:\Users\Team03\Desktop\1121\week12\Libraries\STM32F10x_StdPeriph_Driver_v3.5\src" -O2 --cpu=cortex-m3 -g -c -o "Libraries/STM32F10x_StdPeriph_Driver_v3.5/src/stm32f10x_rtc.o" "../Libraries/STM32F10x_StdPeriph_Driver_v3.5/src/stm32f10x_rtc.c"
'Finished building: ../Libraries/STM32F10x_StdPeriph_Driver_v3.5/src/stm32f10x_rtc.c'
' '
'Building file: ../Libraries/STM32F10x_StdPeriph_Driver_v3.5/src/stm32f10x_sdio.c'
'Invoking: ARM C Compiler 5'
armcc -I"C:\Users\Team03\Desktop\1121\week12\Libraries\CMSIS\CoreSupport" -I"C:\Users\Team03\Desktop\1121\week12" -I"C:\Users\Team03\Desktop\1121\week12\Libraries\CMSIS\DeviceSupport" -I"C:\Users\Team03\Desktop\1121\week12\Libraries\CMSIS\DeviceSupport\Startup" -I"C:\Users\Team03\Desktop\1121\week12\Libraries\STM32F10x_StdPeriph_Driver_v3.5\inc" -I"C:\Users\Team03\Desktop\1121\week12\Libraries\STM32F10x_StdPeriph_Driver_v3.5\src" -O2 --cpu=cortex-m3 -g -c -o "Libraries/STM32F10x_StdPeriph_Driver_v3.5/src/stm32f10x_sdio.o" "../Libraries/STM32F10x_StdPeriph_Driver_v3.5/src/stm32f10x_sdio.c"
'Finished building: ../Libraries/STM32F10x_StdPeriph_Driver_v3.5/src/stm32f10x_sdio.c'
' '
'Building file: ../Libraries/STM32F10x_StdPeriph_Driver_v3.5/src/stm32f10x_spi.c'
'Invoking: ARM C Compiler 5'
armcc -I"C:\Users\Team03\Desktop\1121\week12\Libraries\CMSIS\CoreSupport" -I"C:\Users\Team03\Desktop\1121\week12" -I"C:\Users\Team03\Desktop\1121\week12\Libraries\CMSIS\DeviceSupport" -I"C:\Users\Team03\Desktop\1121\week12\Libraries\CMSIS\DeviceSupport\Startup" -I"C:\Users\Team03\Desktop\1121\week12\Libraries\STM32F10x_StdPeriph_Driver_v3.5\inc" -I"C:\Users\Team03\Desktop\1121\week12\Libraries\STM32F10x_StdPeriph_Driver_v3.5\src" -O2 --cpu=cortex-m3 -g -c -o "Libraries/STM32F10x_StdPeriph_Driver_v3.5/src/stm32f10x_spi.o" "../Libraries/STM32F10x_StdPeriph_Driver_v3.5/src/stm32f10x_spi.c"
'Finished building: ../Libraries/STM32F10x_StdPeriph_Driver_v3.5/src/stm32f10x_spi.c'
' '
'Building file: ../Libraries/STM32F10x_StdPeriph_Driver_v3.5/src/stm32f10x_tim.c'
'Invoking: ARM C Compiler 5'
armcc -I"C:\Users\Team03\Desktop\1121\week12\Libraries\CMSIS\CoreSupport" -I"C:\Users\Team03\Desktop\1121\week12" -I"C:\Users\Team03\Desktop\1121\week12\Libraries\CMSIS\DeviceSupport" -I"C:\Users\Team03\Desktop\1121\week12\Libraries\CMSIS\DeviceSupport\Startup" -I"C:\Users\Team03\Desktop\1121\week12\Libraries\STM32F10x_StdPeriph_Driver_v3.5\inc" -I"C:\Users\Team03\Desktop\1121\week12\Libraries\STM32F10x_StdPeriph_Driver_v3.5\src" -O2 --cpu=cortex-m3 -g -c -o "Libraries/STM32F10x_StdPeriph_Driver_v3.5/src/stm32f10x_tim.o" "../Libraries/STM32F10x_StdPeriph_Driver_v3.5/src/stm32f10x_tim.c"
'Finished building: ../Libraries/STM32F10x_StdPeriph_Driver_v3.5/src/stm32f10x_tim.c'
' '
'Building file: ../Libraries/STM32F10x_StdPeriph_Driver_v3.5/src/stm32f10x_usart.c'
'Invoking: ARM C Compiler 5'
armcc -I"C:\Users\Team03\Desktop\1121\week12\Libraries\CMSIS\CoreSupport" -I"C:\Users\Team03\Desktop\1121\week12" -I"C:\Users\Team03\Desktop\1121\week12\Libraries\CMSIS\DeviceSupport" -I"C:\Users\Team03\Desktop\1121\week12\Libraries\CMSIS\DeviceSupport\Startup" -I"C:\Users\Team03\Desktop\1121\week12\Libraries\STM32F10x_StdPeriph_Driver_v3.5\inc" -I"C:\Users\Team03\Desktop\1121\week12\Libraries\STM32F10x_StdPeriph_Driver_v3.5\src" -O2 --cpu=cortex-m3 -g -c -o "Libraries/STM32F10x_StdPeriph_Driver_v3.5/src/stm32f10x_usart.o" "../Libraries/STM32F10x_StdPeriph_Driver_v3.5/src/stm32f10x_usart.c"
'Finished building: ../Libraries/STM32F10x_StdPeriph_Driver_v3.5/src/stm32f10x_usart.c'
' '
'Building file: ../Libraries/STM32F10x_StdPeriph_Driver_v3.5/src/stm32f10x_wwdg.c'
'Invoking: ARM C Compiler 5'
armcc -I"C:\Users\Team03\Desktop\1121\week12\Libraries\CMSIS\CoreSupport" -I"C:\Users\Team03\Desktop\1121\week12" -I"C:\Users\Team03\Desktop\1121\week12\Libraries\CMSIS\DeviceSupport" -I"C:\Users\Team03\Desktop\1121\week12\Libraries\CMSIS\DeviceSupport\Startup" -I"C:\Users\Team03\Desktop\1121\week12\Libraries\STM32F10x_StdPeriph_Driver_v3.5\inc" -I"C:\Users\Team03\Desktop\1121\week12\Libraries\STM32F10x_StdPeriph_Driver_v3.5\src" -O2 --cpu=cortex-m3 -g -c -o "Libraries/STM32F10x_StdPeriph_Driver_v3.5/src/stm32f10x_wwdg.o" "../Libraries/STM32F10x_StdPeriph_Driver_v3.5/src/stm32f10x_wwdg.c"
'Finished building: ../Libraries/STM32F10x_StdPeriph_Driver_v3.5/src/stm32f10x_wwdg.c'
' '
'Building file: ../Libraries/CMSIS/DeviceSupport/Startup/startup_stm32f10x_cl.s'
'Invoking: ARM Assembler 5'
armasm --cpu=cortex-m3 -g -o "Libraries/CMSIS/DeviceSupport/Startup/startup_stm32f10x_cl.o" "../Libraries/CMSIS/DeviceSupport/Startup/startup_stm32f10x_cl.s"
'Finished building: ../Libraries/CMSIS/DeviceSupport/Startup/startup_stm32f10x_cl.s'
' '
'Building file: ../Libraries/CMSIS/DeviceSupport/system_stm32f10x.c'
'Invoking: ARM C Compiler 5'
armcc -I"C:\Users\Team03\Desktop\1121\week12\Libraries\CMSIS\CoreSupport" -I"C:\Users\Team03\Desktop\1121\week12" -I"C:\Users\Team03\Desktop\1121\week12\Libraries\CMSIS\DeviceSupport" -I"C:\Users\Team03\Desktop\1121\week12\Libraries\CMSIS\DeviceSupport\Startup" -I"C:\Users\Team03\Desktop\1121\week12\Libraries\STM32F10x_StdPeriph_Driver_v3.5\inc" -I"C:\Users\Team03\Desktop\1121\week12\Libraries\STM32F10x_StdPeriph_Driver_v3.5\src" -O2 --cpu=cortex-m3 -g -c -o "Libraries/CMSIS/DeviceSupport/system_stm32f10x.o" "../Libraries/CMSIS/DeviceSupport/system_stm32f10x.c"
'Finished building: ../Libraries/CMSIS/DeviceSupport/system_stm32f10x.c'
' '
'Building file: ../Libraries/CMSIS/CoreSupport/core_cm3.c'
'Invoking: ARM C Compiler 5'
armcc -I"C:\Users\Team03\Desktop\1121\week12\Libraries\CMSIS\CoreSupport" -I"C:\Users\Team03\Desktop\1121\week12" -I"C:\Users\Team03\Desktop\1121\week12\Libraries\CMSIS\DeviceSupport" -I"C:\Users\Team03\Desktop\1121\week12\Libraries\CMSIS\DeviceSupport\Startup" -I"C:\Users\Team03\Desktop\1121\week12\Libraries\STM32F10x_StdPeriph_Driver_v3.5\inc" -I"C:\Users\Team03\Desktop\1121\week12\Libraries\STM32F10x_StdPeriph_Driver_v3.5\src" -O2 --cpu=cortex-m3 -g -c -o "Libraries/CMSIS/CoreSupport/core_cm3.o" "../Libraries/CMSIS/CoreSupport/core_cm3.c"
'Finished building: ../Libraries/CMSIS/CoreSupport/core_cm3.c'
' '
'Building file: ../lcd.c'
'Invoking: ARM C Compiler 5'
armcc -I"C:\Users\Team03\Desktop\1121\week12\Libraries\CMSIS\CoreSupport" -I"C:\Users\Team03\Desktop\1121\week12" -I"C:\Users\Team03\Desktop\1121\week12\Libraries\CMSIS\DeviceSupport" -I"C:\Users\Team03\Desktop\1121\week12\Libraries\CMSIS\DeviceSupport\Startup" -I"C:\Users\Team03\Desktop\1121\week12\Libraries\STM32F10x_StdPeriph_Driver_v3.5\inc" -I"C:\Users\Team03\Desktop\1121\week12\Libraries\STM32F10x_StdPeriph_Driver_v3.5\src" -O2 --cpu=cortex-m3 -g -c -o "lcd.o" "../lcd.c"
'Finished building: ../lcd.c'
' '
'Building file: ../touch.c'
'Invoking: ARM C Compiler 5'
armcc -I"C:\Users\Team03\Desktop\1121\week12\Libraries\CMSIS\CoreSupport" -I"C:\Users\Team03\Desktop\1121\week12" -I"C:\Users\Team03\Desktop\1121\week12\Libraries\CMSIS\DeviceSupport" -I"C:\Users\Team03\Desktop\1121\week12\Libraries\CMSIS\DeviceSupport\Startup" -I"C:\Users\Team03\Desktop\1121\week12\Libraries\STM32F10x_StdPeriph_Driver_v3.5\inc" -I"C:\Users\Team03\Desktop\1121\week12\Libraries\STM32F10x_StdPeriph_Driver_v3.5\src" -O2 --cpu=cortex-m3 -g -c -o "touch.o" "../touch.c"
'Finished building: ../touch.c'
' '
'Building file: ../week12.c'
'Invoking: ARM C Compiler 5'
armcc -I"C:\Users\Team03\Desktop\1121\week12\Libraries\CMSIS\CoreSupport" -I"C:\Users\Team03\Desktop\1121\week12" -I"C:\Users\Team03\Desktop\1121\week12\Libraries\CMSIS\DeviceSupport" -I"C:\Users\Team03\Desktop\1121\week12\Libraries\CMSIS\DeviceSupport\Startup" -I"C:\Users\Team03\Desktop\1121\week12\Libraries\STM32F10x_StdPeriph_Driver_v3.5\inc" -I"C:\Users\Team03\Desktop\1121\week12\Libraries\STM32F10x_StdPeriph_Driver_v3.5\src" -O2 --cpu=cortex-m3 -g -c -o "week12.o" "../week12.c"
"../week12.c", line 80: Warning:  #951-D: return type of function "main" must be "int"
  void main(){
       ^
"../week12.c", line 82: Warning:  #223-D: function "LCD_init" declared implicitly
  	LCD_init();
  	^
"../week12.c", line 88: Warning:  #223-D: function "DMA_Cofiguration" declared implicitly
  	DMA_Cofiguration();
  	^
"../week12.c", line 92: Warning:  #223-D: function "LCD_ShowNum" declared implicitly
  		LCD_ShowNum(50, 110, ADCConvertedValue[0], 4, BLACK, WHITE);
  		^
../week12.c: 4 warnings, 0 errors
'Finished building: ../week12.c'
' '
'Building target: week12.axf'
'Invoking: ARM Linker 5'
armlink --cpu=cortex-m3 --scatter="C:\Users\Team03\Desktop\1121\week12\stm32-test.sct" --info=sizes -o "week12.axf"  ./Libraries/STM32F10x_StdPeriph_Driver_v3.5/src/misc.o ./Libraries/STM32F10x_StdPeriph_Driver_v3.5/src/stm32f10x_adc.o ./Libraries/STM32F10x_StdPeriph_Driver_v3.5/src/stm32f10x_bkp.o ./Libraries/STM32F10x_StdPeriph_Driver_v3.5/src/stm32f10x_can.o ./Libraries/STM32F10x_StdPeriph_Driver_v3.5/src/stm32f10x_cec.o ./Libraries/STM32F10x_StdPeriph_Driver_v3.5/src/stm32f10x_crc.o ./Libraries/STM32F10x_StdPeriph_Driver_v3.5/src/stm32f10x_dac.o ./Libraries/STM32F10x_StdPeriph_Driver_v3.5/src/stm32f10x_dbgmcu.o ./Libraries/STM32F10x_StdPeriph_Driver_v3.5/src/stm32f10x_dma.o ./Libraries/STM32F10x_StdPeriph_Driver_v3.5/src/stm32f10x_exti.o ./Libraries/STM32F10x_StdPeriph_Driver_v3.5/src/stm32f10x_flash.o ./Libraries/STM32F10x_StdPeriph_Driver_v3.5/src/stm32f10x_fsmc.o ./Libraries/STM32F10x_StdPeriph_Driver_v3.5/src/stm32f10x_gpio.o ./Libraries/STM32F10x_StdPeriph_Driver_v3.5/src/stm32f10x_i2c.o ./Libraries/STM32F10x_StdPeriph_Driver_v3.5/src/stm32f10x_iwdg.o ./Libraries/STM32F10x_StdPeriph_Driver_v3.5/src/stm32f10x_pwr.o ./Libraries/STM32F10x_StdPeriph_Driver_v3.5/src/stm32f10x_rcc.o ./Libraries/STM32F10x_StdPeriph_Driver_v3.5/src/stm32f10x_rtc.o ./Libraries/STM32F10x_StdPeriph_Driver_v3.5/src/stm32f10x_sdio.o ./Libraries/STM32F10x_StdPeriph_Driver_v3.5/src/stm32f10x_spi.o ./Libraries/STM32F10x_StdPeriph_Driver_v3.5/src/stm32f10x_tim.o ./Libraries/STM32F10x_StdPeriph_Driver_v3.5/src/stm32f10x_usart.o ./Libraries/STM32F10x_StdPeriph_Driver_v3.5/src/stm32f10x_wwdg.o  ./Libraries/CMSIS/DeviceSupport/Startup/startup_stm32f10x_cl.o  ./Libraries/CMSIS/DeviceSupport/system_stm32f10x.o  ./Libraries/CMSIS/CoreSupport/core_cm3.o  ./lcd.o ./touch.o ./week12.o   
Error: L6218E: Undefined symbol DMA_Cofiguration (referred from week12.o).
Error: L6218E: Undefined symbol LCD_init (referred from week12.o).
Finished: 0 information, 0 warning and 2 error messages.
make: *** [week12.axf] Error 1
19:02:06 **** Incremental Build of configuration Debug for project week12 ****
make all 
'Building target: week12.axf'
'Invoking: ARM Linker 5'
armlink --cpu=cortex-m3 --scatter="C:\Users\Team03\Desktop\1121\week12\stm32-test.sct" --info=sizes -o "week12.axf"  ./Libraries/STM32F10x_StdPeriph_Driver_v3.5/src/misc.o ./Libraries/STM32F10x_StdPeriph_Driver_v3.5/src/stm32f10x_adc.o ./Libraries/STM32F10x_StdPeriph_Driver_v3.5/src/stm32f10x_bkp.o ./Libraries/STM32F10x_StdPeriph_Driver_v3.5/src/stm32f10x_can.o ./Libraries/STM32F10x_StdPeriph_Driver_v3.5/src/stm32f10x_cec.o ./Libraries/STM32F10x_StdPeriph_Driver_v3.5/src/stm32f10x_crc.o ./Libraries/STM32F10x_StdPeriph_Driver_v3.5/src/stm32f10x_dac.o ./Libraries/STM32F10x_StdPeriph_Driver_v3.5/src/stm32f10x_dbgmcu.o ./Libraries/STM32F10x_StdPeriph_Driver_v3.5/src/stm32f10x_dma.o ./Libraries/STM32F10x_StdPeriph_Driver_v3.5/src/stm32f10x_exti.o ./Libraries/STM32F10x_StdPeriph_Driver_v3.5/src/stm32f10x_flash.o ./Libraries/STM32F10x_StdPeriph_Driver_v3.5/src/stm32f10x_fsmc.o ./Libraries/STM32F10x_StdPeriph_Driver_v3.5/src/stm32f10x_gpio.o ./Libraries/STM32F10x_StdPeriph_Driver_v3.5/src/stm32f10x_i2c.o ./Libraries/STM32F10x_StdPeriph_Driver_v3.5/src/stm32f10x_iwdg.o ./Libraries/STM32F10x_StdPeriph_Driver_v3.5/src/stm32f10x_pwr.o ./Libraries/STM32F10x_StdPeriph_Driver_v3.5/src/stm32f10x_rcc.o ./Libraries/STM32F10x_StdPeriph_Driver_v3.5/src/stm32f10x_rtc.o ./Libraries/STM32F10x_StdPeriph_Driver_v3.5/src/stm32f10x_sdio.o ./Libraries/STM32F10x_StdPeriph_Driver_v3.5/src/stm32f10x_spi.o ./Libraries/STM32F10x_StdPeriph_Driver_v3.5/src/stm32f10x_tim.o ./Libraries/STM32F10x_StdPeriph_Driver_v3.5/src/stm32f10x_usart.o ./Libraries/STM32F10x_StdPeriph_Driver_v3.5/src/stm32f10x_wwdg.o  ./Libraries/CMSIS/DeviceSupport/Startup/startup_stm32f10x_cl.o  ./Libraries/CMSIS/DeviceSupport/system_stm32f10x.o  ./Libraries/CMSIS/CoreSupport/core_cm3.o  ./lcd.o ./touch.o ./week12.o   
Error: L6218E: Undefined symbol DMA_Cofiguration (referred from week12.o).
Error: L6218E: Undefined symbol LCD_init (referred from week12.o).
Finished: 0 information, 0 warning and 2 error messages.
make: *** [week12.axf] Error 1
19:02:45 **** Incremental Build of configuration Debug for project week12 ****
make all 
'Building file: ../week12.c'
'Invoking: ARM C Compiler 5'
armcc -I"C:\Users\Team03\Desktop\1121\week12\Libraries\CMSIS\CoreSupport" -I"C:\Users\Team03\Desktop\1121\week12" -I"C:\Users\Team03\Desktop\1121\week12\Libraries\CMSIS\DeviceSupport" -I"C:\Users\Team03\Desktop\1121\week12\Libraries\CMSIS\DeviceSupport\Startup" -I"C:\Users\Team03\Desktop\1121\week12\Libraries\STM32F10x_StdPeriph_Driver_v3.5\inc" -I"C:\Users\Team03\Desktop\1121\week12\Libraries\STM32F10x_StdPeriph_Driver_v3.5\src" -O2 --cpu=cortex-m3 -g -c -o "week12.o" "../week12.c"
"../week12.c", line 80: Warning:  #951-D: return type of function "main" must be "int"
  void main(){
       ^
"../week12.c", line 92: Warning:  #223-D: function "LCD_ShowNum" declared implicitly
  		LCD_ShowNum(50, 110, ADCConvertedValue[0], 4, BLACK, WHITE);
  		^
../week12.c: 2 warnings, 0 errors
'Finished building: ../week12.c'
' '
'Building target: week12.axf'
'Invoking: ARM Linker 5'
armlink --cpu=cortex-m3 --scatter="C:\Users\Team03\Desktop\1121\week12\stm32-test.sct" --info=sizes -o "week12.axf"  ./Libraries/STM32F10x_StdPeriph_Driver_v3.5/src/misc.o ./Libraries/STM32F10x_StdPeriph_Driver_v3.5/src/stm32f10x_adc.o ./Libraries/STM32F10x_StdPeriph_Driver_v3.5/src/stm32f10x_bkp.o ./Libraries/STM32F10x_StdPeriph_Driver_v3.5/src/stm32f10x_can.o ./Libraries/STM32F10x_StdPeriph_Driver_v3.5/src/stm32f10x_cec.o ./Libraries/STM32F10x_StdPeriph_Driver_v3.5/src/stm32f10x_crc.o ./Libraries/STM32F10x_StdPeriph_Driver_v3.5/src/stm32f10x_dac.o ./Libraries/STM32F10x_StdPeriph_Driver_v3.5/src/stm32f10x_dbgmcu.o ./Libraries/STM32F10x_StdPeriph_Driver_v3.5/src/stm32f10x_dma.o ./Libraries/STM32F10x_StdPeriph_Driver_v3.5/src/stm32f10x_exti.o ./Libraries/STM32F10x_StdPeriph_Driver_v3.5/src/stm32f10x_flash.o ./Libraries/STM32F10x_StdPeriph_Driver_v3.5/src/stm32f10x_fsmc.o ./Libraries/STM32F10x_StdPeriph_Driver_v3.5/src/stm32f10x_gpio.o ./Libraries/STM32F10x_StdPeriph_Driver_v3.5/src/stm32f10x_i2c.o ./Libraries/STM32F10x_StdPeriph_Driver_v3.5/src/stm32f10x_iwdg.o ./Libraries/STM32F10x_StdPeriph_Driver_v3.5/src/stm32f10x_pwr.o ./Libraries/STM32F10x_StdPeriph_Driver_v3.5/src/stm32f10x_rcc.o ./Libraries/STM32F10x_StdPeriph_Driver_v3.5/src/stm32f10x_rtc.o ./Libraries/STM32F10x_StdPeriph_Driver_v3.5/src/stm32f10x_sdio.o ./Libraries/STM32F10x_StdPeriph_Driver_v3.5/src/stm32f10x_spi.o ./Libraries/STM32F10x_StdPeriph_Driver_v3.5/src/stm32f10x_tim.o ./Libraries/STM32F10x_StdPeriph_Driver_v3.5/src/stm32f10x_usart.o ./Libraries/STM32F10x_StdPeriph_Driver_v3.5/src/stm32f10x_wwdg.o  ./Libraries/CMSIS/DeviceSupport/Startup/startup_stm32f10x_cl.o  ./Libraries/CMSIS/DeviceSupport/system_stm32f10x.o  ./Libraries/CMSIS/CoreSupport/core_cm3.o  ./lcd.o ./touch.o ./week12.o   

==============================================================================

Image component sizes


      Code (inc. data)   RO Data    RW Data    ZI Data      Debug   Object Name

      2196         44       4088          6          0       8885   lcd.o
         0          0          0          0          0     223908   misc.o
        64         26        336          0       1536        880   startup_stm32f10x_cl.o
       816         24          0          0          0     251793   stm32f10x_adc.o
       456         10          0          0          0      14138   stm32f10x_dma.o
       612         36          0          0          0      13497   stm32f10x_gpio.o
       872         44          0         20          0      10318   stm32f10x_rcc.o
       444         44          0         20          0       2051   system_stm32f10x.o
      1512         38          0         12          0       4781   touch.o
       432         22          0          8          0      11254   week12.o

    ----------------------------------------------------------------------
      7404        288       4458         68       1536     541505   Object Totals
         0          0         32          0          0          0   (incl. Generated)
         0          0          2          2          0          0   (incl. Padding)

    ----------------------------------------------------------------------

      Code (inc. data)   RO Data    RW Data    ZI Data      Debug   Library Member Name

         8          0          0          0          0         68   __main.o
        52          8          0          0          0          0   __scatter.o
        26          0          0          0          0          0   __scatter_copy.o
        28          0          0          0          0          0   __scatter_zi.o
        22          0          0          0          0        100   _rserrno.o
        12          0          0          0          0         72   exit.o
         6          0          0          0          0        152   heapauxi.o
         0          0          0          0          0          0   indicate_semi.o
         2          0          0          0          0          0   libinit.o
         2          0          0          0          0          0   libinit2.o
         2          0          0          0          0          0   libshutdown.o
         2          0          0          0          0          0   libshutdown2.o
         8          4          0          0         96         68   libspace.o
         8          4          0          0          0         68   rt_errno_addr_intlibspace.o
         0          0          0          0          0          0   rtentry.o
        12          0          0          0          0          0   rtentry2.o
         6          0          0          0          0          0   rtentry4.o
         2          0          0          0          0          0   rtexit.o
        10          0          0          0          0          0   rtexit2.o
        12          4          0          0          0         68   sys_exit.o
        74          0          0          0          0         80   sys_stackheap_outer.o
         2          0          0          0          0         68   use_no_semi.o
        90          4          0          0          0         92   dfixu.o
        38          0          0          0          0         68   dflt_clz.o
       156          4          0          0          0         92   dnaninf.o
       460         56          0          0          0        120   dsqrt_noumaal.o
       450          8          0          0          0        236   faddsub_clz.o
        12          4          0          0          0         68   fcheck1.o
       388         76          0          0          0         96   fdiv.o
        54          4          0          0          0         84   ffix.o
        62          4          0          0          0         84   ffixu.o
        86          0          0          0          0        136   fflt_clz.o
       258          4          0          0          0         84   fmul.o
       140          4          0          0          0         84   fnaninf.o
        10          0          0          0          0         68   fretinf.o
       100          0          0          0          0         68   retnan.o
        76          0          0          0          0         68   scalbnf.o
        48          0          0          0          0         68   trapv.o
         0          0          0          0          0          0   usenofp.o
        76          0          0          0          0         84   sqrt.o

    ----------------------------------------------------------------------
      2814        188          0          0        100       2344   Library Totals
        14          0          0          0          4          0   (incl. Padding)

    ----------------------------------------------------------------------

      Code (inc. data)   RO Data    RW Data    ZI Data      Debug   Library Name

       296         20          0          0         96        744   c_w.l
      2428        168          0          0          0       1516   fz_ws.l
        76          0          0          0          0         84   m_ws.l

    ----------------------------------------------------------------------
      2814        188          0          0        100       2344   Library Totals

    ----------------------------------------------------------------------

==============================================================================


      Code (inc. data)   RO Data    RW Data    ZI Data      Debug   

     10218        476       4458         68       1636     541401   Grand Totals
     10218        476       4458         68       1636     541401   ELF Image Totals
     10218        476       4458         68          0          0   ROM Totals

==============================================================================

    Total RO  Size (Code + RO Data)                14676 (  14.33kB)
    Total RW  Size (RW Data + ZI Data)              1704 (   1.66kB)
    Total ROM Size (Code + RO Data + RW Data)      14744 (  14.40kB)

==============================================================================

'Finished building target: week12.axf'
' '
